<?xml version="1.0" encoding="UTF-8"?>
<!-- Generated by org.testng.reporters.JUnitReportReporter -->
<testsuite hostname="Zahids-MacBook-Pro.local" failures="0" tests="1" name="Academy.E2EProject.ClosingAd" time="20.592" errors="0" timestamp="2021-06-30T21:08:58 PDT" skipped="0">
  <testcase classname="Academy.E2EProject.ClosingAd" name="closingAd" time="20.592"/>
  <system-out/>
</testsuite> <!-- Academy.E2EProject.ClosingAd -->
