<?xml version="1.0" encoding="UTF-8"?>
<!-- Generated by org.testng.reporters.JUnitReportReporter -->
<testsuite hostname="Zahids-MacBook-Pro.local" failures="0" tests="1" name="Academy.E2EProject.ValidateNavBar" time="0.282" errors="0" timestamp="2021-06-30T21:53:01 PDT" skipped="0">
  <testcase classname="Academy.E2EProject.ValidateNavBar" name="checkNavBar" time="0.282"/>
  <system-out/>
</testsuite> <!-- Academy.E2EProject.ValidateNavBar -->
