<?xml version="1.0" encoding="UTF-8"?>
<!-- Generated by org.testng.reporters.JUnitReportReporter -->
<testsuite hostname="Zahids-MacBook-Pro.local" failures="0" tests="1" name="Academy.E2EProject.ValidateTitle" time="5.467" errors="0" timestamp="2021-06-30T21:53:01 PDT" skipped="0">
  <testcase classname="Academy.E2EProject.ValidateTitle" name="checkText" time="5.467"/>
  <system-out/>
</testsuite> <!-- Academy.E2EProject.ValidateTitle -->
