<?xml version="1.0" encoding="UTF-8"?>
<!-- Generated by org.testng.reporters.JUnitReportReporter -->
<testsuite hostname="Zahids-MacBook-Pro.local" failures="0" tests="1" name="Academy.E2EProject.HomePage" time="18.770" errors="0" timestamp="2021-06-30T19:17:42 PDT" skipped="0">
  <testcase classname="Academy.E2EProject.HomePage" name="checkText" time="18.770"/>
  <system-out/>
</testsuite> <!-- Academy.E2EProject.HomePage -->
