<?xml version="1.0" encoding="UTF-8"?>
<!-- Generated by org.testng.reporters.JUnitReportReporter -->
<testsuite hostname="Zahids-MacBook-Pro.local" failures="0" tests="1" name="cucumberOptions.TestRunner" time="30.223" errors="0" timestamp="2021-07-11T05:22:52 PDT" skipped="0">
  <testcase classname="cucumberOptions.TestRunner" name="feature" time="30.223"/>
  <system-out/>
</testsuite> <!-- cucumberOptions.TestRunner -->
