<?xml version="1.0" encoding="UTF-8"?>
<!-- Generated by org.testng.reporters.JUnitReportReporter -->
<testsuite hostname="Zahids-MacBook-Pro.local" failures="0" tests="2" name="testCases.ValLoginFunctions" time="14.052" errors="0" timestamp="2021-07-05T20:13:22 PDT" skipped="0">
  <testcase classname="testCases.ValLoginFunctions" name="DemoTest" time="5.187"/>
  <system-out/>
  <testcase classname="testCases.ValLoginFunctions" name="DemoTest" time="8.865"/>
  <system-out/>
</testsuite> <!-- testCases.ValLoginFunctions -->
