<?xml version="1.0" encoding="UTF-8"?>
<!-- Generated by org.testng.reporters.JUnitReportReporter -->
<testsuite hostname="Zahids-MacBook-Pro.local" failures="0" tests="1" name="testCases.ValidateNavBar" time="0.211" errors="0" timestamp="2021-07-05T20:13:22 PDT" skipped="0">
  <testcase classname="testCases.ValidateNavBar" name="checkNavBar" time="0.211"/>
  <system-out/>
</testsuite> <!-- testCases.ValidateNavBar -->
