<?xml version="1.0" encoding="UTF-8"?>
<!-- Generated by org.testng.reporters.JUnitReportReporter -->
<testsuite hostname="Zahids-MacBook-Pro.local" failures="0" tests="2" name="testCases.ValidateTitle" time="0.234" errors="0" timestamp="2021-07-05T20:13:22 PDT" skipped="0">
  <testcase classname="testCases.ValidateTitle" name="checkSubTitle" time="0.169"/>
  <system-out/>
  <testcase classname="testCases.ValidateTitle" name="checkText" time="0.065"/>
  <system-out/>
</testsuite> <!-- testCases.ValidateTitle -->
